<?xml version="1.0" encoding="UTF-8"?>
<!-- Generated by org.testng.reporters.JUnitReportReporter -->
<testsuite skipped="0" hostname="LAPTOP-N61OB3H5" name="qaclickacademy.RestApiTest" tests="2" failures="0" timestamp="2020-07-26T11:04:47 IST" time="0.000" errors="0">
  <testcase name="Api" time="0.000" classname="qaclickacademy.RestApiTest"/>
  <system-out/>
  <testcase name="Backend" time="0.000" classname="qaclickacademy.RestApiTest"/>
  <system-out/>
</testsuite> <!-- qaclickacademy.RestApiTest -->
