<?xml version="1.0" encoding="UTF-8"?>
<!-- Generated by org.testng.reporters.JUnitReportReporter -->
<testsuite skipped="0" hostname="LAPTOP-N61OB3H5" name="qaclickacademy.AppiumTest" tests="2" failures="0" timestamp="2020-07-26T11:04:47 IST" time="0.000" errors="0">
  <testcase name="AppTest" time="0.000" classname="qaclickacademy.AppiumTest"/>
  <system-out/>
  <testcase name="MobileTest" time="0.000" classname="qaclickacademy.AppiumTest"/>
  <system-out/>
</testsuite> <!-- qaclickacademy.AppiumTest -->
